[2025-10-31--12-59-05 INFO actix_server::builder] starting 5 workers
[2025-10-31--12-59-05 INFO actix_server::server] Tokio runtime found; starting in existing Tokio runtime
[2025-10-31--12-59-05 INFO actix_server::server] starting service: "actix-web-service-127.0.0.1:18488", workers: 5, listening on: 127.0.0.1:18488
[2025-10-31--12-59-07 INFO parity_ws] Listening for new connections on 127.0.0.1:8900.
[2025-10-31--12-59-09 INFO txtx::svm::deploy_program] [Recovery Instructions] - An ephemeral authority account will be created and funded to write to the buffer account.
[2025-10-31--12-59-09 INFO txtx::svm::deploy_program] [Recovery Instructions] - Please save the following information in case the deployment fails and the account needs to be recovered:
[2025-10-31--12-59-09 INFO txtx::svm::deploy_program] [Recovery Instructions] - Ephemeral authority public key: BsdhM51sUJ5kmMS5rYunw8W5HCC8PDyHXP6PgzsBDLai
[2025-10-31--12-59-09 INFO txtx::svm::deploy_program] [Recovery Instructions] - Ephemeral authority secret key: [23, 116, 196, 220, 159, 66, 183, 89, 223, 9, 202, 236, 214, 92, 60, 151, 235, 202, 235, 207, 213, 159, 66, 199, 124, 164, 181, 125, 54, 6, 79, 152, 161, 141, 102, 206, 125, 78, 38, 37, 52, 89, 24, 82, 87, 144, 237, 167, 196, 202, 239, 254, 229, 197, 199, 47, 102, 48, 160, 153, 70, 102, 116, 207]
[2025-10-31--12-59-09 INFO txtx::svm::deploy_program] Account Created - Ephemeral authority account created and funded to write to buffer
[2025-10-31--12-59-09 INFO txtx::svm::deploy_program] [Recovery Instructions] - Creating program buffer account at pubkey 39aw9s7vUrW8nYzi3HBPyqKPzKEy9GPEzjkr1Ssrvji2
[2025-10-31--12-59-10 INFO txtx::svm::deploy_program] Account Created - Program buffer account created
[2025-10-31--12-59-18 INFO txtx::svm::deploy_program] Buffer Ready - Writing to buffer account is complete
[2025-10-31--12-59-19 ERROR txtx::svm::send_transaction] Failed - Failed to broadcast transaction
[2025-10-31--12-59-19 ERROR txtx::svm::send_transaction] Failed - error: unable to send and confirm transaction (RPC response error -32002: Failed to process transaction: receiving on an empty and disconnected channel; )
[2025-10-31--13-01-35 INFO actix_server::accept] accept thread stopped
[2025-10-31--13-01-35 INFO actix_server::worker] shutting down idle worker
[2025-10-31--13-01-35 INFO actix_server::worker] shutting down idle worker
[2025-10-31--13-01-35 INFO actix_server::worker] shutting down idle worker
[2025-10-31--13-01-35 INFO actix_server::worker] shutting down idle worker
[2025-10-31--13-01-35 INFO actix_server::worker] shutting down idle worker
