[2025-10-31--19-33-52 INFO actix_server::builder] starting 5 workers
[2025-10-31--19-33-52 INFO actix_server::server] Tokio runtime found; starting in existing Tokio runtime
[2025-10-31--19-33-52 INFO actix_server::server] starting service: "actix-web-service-127.0.0.1:18488", workers: 5, listening on: 127.0.0.1:18488
[2025-10-31--19-33-54 INFO parity_ws] Listening for new connections on 127.0.0.1:8900.
[2025-10-31--19-33-56 INFO txtx::svm::deploy_program] [Recovery Instructions] - An ephemeral authority account will be created and funded to write to the buffer account.
[2025-10-31--19-33-56 INFO txtx::svm::deploy_program] [Recovery Instructions] - Please save the following information in case the deployment fails and the account needs to be recovered:
[2025-10-31--19-33-56 INFO txtx::svm::deploy_program] [Recovery Instructions] - Ephemeral authority public key: 9tscYkNLVLzRj4jJ6SjDarfLKB8ZEYE6F5Rej1MeEsYf
[2025-10-31--19-33-56 INFO txtx::svm::deploy_program] [Recovery Instructions] - Ephemeral authority secret key: [96, 127, 35, 36, 244, 15, 227, 87, 156, 213, 15, 57, 135, 144, 78, 56, 215, 43, 163, 244, 112, 209, 247, 220, 99, 9, 70, 56, 56, 180, 182, 225, 132, 39, 88, 71, 212, 84, 7, 63, 119, 133, 79, 58, 2, 254, 128, 238, 134, 177, 31, 232, 205, 23, 187, 108, 83, 31, 237, 46, 153, 70, 158, 12]
[2025-10-31--19-33-57 INFO txtx::svm::deploy_program] Account Created - Ephemeral authority account created and funded to write to buffer
[2025-10-31--19-33-57 INFO txtx::svm::deploy_program] [Recovery Instructions] - Creating program buffer account at pubkey 6GJJr3pNWr5gPQMX2QgPt7Uv2dgC3QuJ2Kj91ALd5Qjv
[2025-10-31--19-33-57 INFO txtx::svm::deploy_program] Account Created - Program buffer account created
[2025-10-31--19-34-05 INFO txtx::svm::deploy_program] Buffer Ready - Writing to buffer account is complete
[2025-10-31--19-34-06 INFO txtx::svm::deploy_program] Program Created - Program HhZXkfKiLf4a7PJYbfzGggjdaTdD22azgHux2eJuaBm5 has been deployed
[2025-10-31--19-34-07 INFO txtx::svm::deploy_program] Complete - Ephemeral authority account closed and leftover funds returned to payer
[2025-10-31--19-49-01 INFO actix_server::worker] shutting down idle worker
[2025-10-31--19-49-01 INFO actix_server::worker] shutting down idle worker
[2025-10-31--19-49-01 INFO actix_server::worker] shutting down idle worker
[2025-10-31--19-49-01 INFO actix_server::worker] shutting down idle worker
[2025-10-31--19-49-01 INFO actix_server::worker] shutting down idle worker
[2025-10-31--19-49-01 INFO actix_server::accept] accept thread stopped
